[0323/221528.262:ERROR:minidumpwritedump_with_crashpad_info.cc(435)] Failed to call MiniDumpWriteDump: Only part of a ReadProcessMemory or WriteProcessMemory request was completed. (0x8007012B)
[0323/221528.284:ERROR:minidumpwritedump_with_crashpad_info.cc(608)] Failed to write minidump file
[0323/221528.446:ERROR:crash_report_exception_handler.cc(122)] TryMiniDumpWriteDumpWithCrashpadInfo failed
[0323/221528.460:ERROR:process_memory_win.cc(73)] ReadMemory at 0x1816d283780 of 72 bytes failed: Only part of a ReadProcessMemory or WriteProcessMemory request was completed. (0x12B)
[0323/221528.460:WARNING:pe_image_annotations_reader.cc(134)] could not read annotations list object in C:\Program Files (x86)\Microsoft\Edge\Application\80.0.361.69\msedge_elf.dll
[0323/221528.461:ERROR:process_memory_win.cc(73)] ReadMemory at 0x1816d595c70 of 72 bytes failed: Only part of a ReadProcessMemory or WriteProcessMemory request was completed. (0x12B)
[0323/221528.461:WARNING:pe_image_annotations_reader.cc(134)] could not read annotations list object in C:\Program Files (x86)\Microsoft\Edge\Application\80.0.361.69\msedge.dll
[0323/221528.532:ERROR:process_memory_win.cc(73)] ReadMemory at 0x1816d283780 of 72 bytes failed: Only part of a ReadProcessMemory or WriteProcessMemory request was completed. (0x12B)
[0323/221528.532:WARNING:pe_image_annotations_reader.cc(134)] could not read annotations list object in C:\Program Files (x86)\Microsoft\Edge\Application\80.0.361.69\msedge_elf.dll
[0323/221528.532:ERROR:process_memory_win.cc(73)] ReadMemory at 0x1816d595c70 of 72 bytes failed: Only part of a ReadProcessMemory or WriteProcessMemory request was completed. (0x12B)
[0323/221528.533:WARNING:pe_image_annotations_reader.cc(134)] could not read annotations list object in C:\Program Files (x86)\Microsoft\Edge\Application\80.0.361.69\msedge.dll
[0323/221528.534:ERROR:process_memory_win.cc(73)] ReadMemory at 0x1816d283780 of 72 bytes failed: Only part of a ReadProcessMemory or WriteProcessMemory request was completed. (0x12B)
[0323/221528.534:WARNING:pe_image_annotations_reader.cc(134)] could not read annotations list object in C:\Program Files (x86)\Microsoft\Edge\Application\80.0.361.69\msedge_elf.dll
[0323/221528.534:ERROR:process_memory_win.cc(73)] ReadMemory at 0x1816d595c70 of 72 bytes failed: Only part of a ReadProcessMemory or WriteProcessMemory request was completed. (0x12B)
[0323/221528.534:WARNING:pe_image_annotations_reader.cc(134)] could not read annotations list object in C:\Program Files (x86)\Microsoft\Edge\Application\80.0.361.69\msedge.dll
[0323/221528.613:ERROR:process_memory_win.cc(73)] ReadMemory at 0x62469e8000 of 98304 bytes failed: Only part of a ReadProcessMemory or WriteProcessMemory request was completed. (0x12B)
[0323/221528.613:ERROR:process_memory_win.cc(73)] ReadMemory at 0x62471ff000 of 4096 bytes failed: Only part of a ReadProcessMemory or WriteProcessMemory request was completed. (0x12B)
[0323/221528.613:ERROR:process_memory_win.cc(73)] ReadMemory at 0x62479fd000 of 12288 bytes failed: Only part of a ReadProcessMemory or WriteProcessMemory request was completed. (0x12B)
[0323/221528.613:ERROR:process_memory_win.cc(73)] ReadMemory at 0x62489fc000 of 16384 bytes failed: Only part of a ReadProcessMemory or WriteProcessMemory request was completed. (0x12B)
[0323/221528.613:ERROR:process_memory_win.cc(73)] ReadMemory at 0x62491fc000 of 16384 bytes failed: Only part of a ReadProcessMemory or WriteProcessMemory request was completed. (0x12B)
[0323/221528.613:ERROR:process_memory_win.cc(73)] ReadMemory at 0x62499fd000 of 12288 bytes failed: Only part of a ReadProcessMemory or WriteProcessMemory request was completed. (0x12B)
[0323/221528.613:ERROR:process_memory_win.cc(73)] ReadMemory at 0x624a1fb000 of 20480 bytes failed: Only part of a ReadProcessMemory or WriteProcessMemory request was completed. (0x12B)
[0323/221528.614:ERROR:process_memory_win.cc(73)] ReadMemory at 0x624a9fd000 of 12288 bytes failed: Only part of a ReadProcessMemory or WriteProcessMemory request was completed. (0x12B)
[0323/221528.614:ERROR:process_memory_win.cc(73)] ReadMemory at 0x624b1f7000 of 36864 bytes failed: Only part of a ReadProcessMemory or WriteProcessMemory request was completed. (0x12B)
[0323/221528.614:ERROR:process_memory_win.cc(73)] ReadMemory at 0x624b9fa000 of 24576 bytes failed: Only part of a ReadProcessMemory or WriteProcessMemory request was completed. (0x12B)
[0323/221528.614:ERROR:process_memory_win.cc(73)] ReadMemory at 0x624c1f6000 of 40960 bytes failed: Only part of a ReadProcessMemory or WriteProcessMemory request was completed. (0x12B)
[0323/221528.614:ERROR:process_memory_win.cc(73)] ReadMemory at 0x624c9f7000 of 36864 bytes failed: Only part of a ReadProcessMemory or WriteProcessMemory request was completed. (0x12B)
[0323/221528.614:ERROR:process_memory_win.cc(73)] ReadMemory at 0x624d1fd000 of 12288 bytes failed: Only part of a ReadProcessMemory or WriteProcessMemory request was completed. (0x12B)
[0323/221528.614:ERROR:process_memory_win.cc(73)] ReadMemory at 0x624e1fd000 of 12288 bytes failed: Only part of a ReadProcessMemory or WriteProcessMemory request was completed. (0x12B)
[0323/221528.614:ERROR:process_memory_win.cc(73)] ReadMemory at 0x62509fd000 of 12288 bytes failed: Only part of a ReadProcessMemory or WriteProcessMemory request was completed. (0x12B)
[0323/221528.615:ERROR:process_memory_win.cc(73)] ReadMemory at 0x624d9fc000 of 16384 bytes failed: Only part of a ReadProcessMemory or WriteProcessMemory request was completed. (0x12B)
[0323/221528.615:ERROR:process_memory_win.cc(73)] ReadMemory at 0x624f1fc000 of 16384 bytes failed: Only part of a ReadProcessMemory or WriteProcessMemory request was completed. (0x12B)
[0323/221528.615:ERROR:process_memory_win.cc(73)] ReadMemory at 0x624f9fd000 of 12288 bytes failed: Only part of a ReadProcessMemory or WriteProcessMemory request was completed. (0x12B)
[0323/221528.615:ERROR:process_memory_win.cc(73)] ReadMemory at 0x62501fd000 of 12288 bytes failed: Only part of a ReadProcessMemory or WriteProcessMemory request was completed. (0x12B)
[0323/221528.615:ERROR:process_memory_win.cc(73)] ReadMemory at 0x62511fd000 of 12288 bytes failed: Only part of a ReadProcessMemory or WriteProcessMemory request was completed. (0x12B)
[0323/221528.615:ERROR:process_memory_win.cc(73)] ReadMemory at 0x62519fc000 of 16384 bytes failed: Only part of a ReadProcessMemory or WriteProcessMemory request was completed. (0x12B)
[0323/221528.615:ERROR:process_memory_win.cc(73)] ReadMemory at 0x62529fd000 of 12288 bytes failed: Only part of a ReadProcessMemory or WriteProcessMemory request was completed. (0x12B)
[0323/221528.615:ERROR:process_memory_win.cc(73)] ReadMemory at 0x62531fd000 of 12288 bytes failed: Only part of a ReadProcessMemory or WriteProcessMemory request was completed. (0x12B)
[0323/221528.615:ERROR:process_memory_win.cc(73)] ReadMemory at 0x62481fd000 of 12288 bytes failed: Only part of a ReadProcessMemory or WriteProcessMemory request was completed. (0x12B)
[0323/221528.615:ERROR:process_memory_win.cc(73)] ReadMemory at 0x624e9fd000 of 12288 bytes failed: Only part of a ReadProcessMemory or WriteProcessMemory request was completed. (0x12B)
[0323/221528.616:ERROR:process_memory_win.cc(73)] ReadMemory at 0x62521fd000 of 12288 bytes failed: Only part of a ReadProcessMemory or WriteProcessMemory request was completed. (0x12B)
[0323/221528.616:ERROR:process_memory_win.cc(73)] ReadMemory at 0x62539ff000 of 4096 bytes failed: Only part of a ReadProcessMemory or WriteProcessMemory request was completed. (0x12B)
[0323/221528.616:ERROR:process_memory_win.cc(73)] ReadMemory at 0x6246064000 of 852 bytes failed: Only part of a ReadProcessMemory or WriteProcessMemory request was completed. (0x12B)
[0323/221528.616:ERROR:process_memory_win.cc(73)] ReadMemory at 0x6246065000 of 6024 bytes failed: Only part of a ReadProcessMemory or WriteProcessMemory request was completed. (0x12B)
[0323/221528.616:ERROR:process_memory_win.cc(73)] ReadMemory at 0x6246067000 of 6024 bytes failed: Only part of a ReadProcessMemory or WriteProcessMemory request was completed. (0x12B)
[0323/221528.616:ERROR:process_memory_win.cc(73)] ReadMemory at 0x6246069000 of 6024 bytes failed: Only part of a ReadProcessMemory or WriteProcessMemory request was completed. (0x12B)
[0323/221528.617:ERROR:process_memory_win.cc(73)] ReadMemory at 0x624606d000 of 6024 bytes failed: Only part of a ReadProcessMemory or WriteProcessMemory request was completed. (0x12B)
[0323/221528.617:ERROR:process_memory_win.cc(73)] ReadMemory at 0x624606f000 of 6024 bytes failed: Only part of a ReadProcessMemory or WriteProcessMemory request was completed. (0x12B)
[0323/221528.617:ERROR:process_memory_win.cc(73)] ReadMemory at 0x6246071000 of 6024 bytes failed: Only part of a ReadProcessMemory or WriteProcessMemory request was completed. (0x12B)
[0323/221528.617:ERROR:process_memory_win.cc(73)] ReadMemory at 0x6246073000 of 6024 bytes failed: Only part of a ReadProcessMemory or WriteProcessMemory request was completed. (0x12B)
[0323/221528.617:ERROR:process_memory_win.cc(73)] ReadMemory at 0x6246075000 of 6024 bytes failed: Only part of a ReadProcessMemory or WriteProcessMemory request was completed. (0x12B)
[0323/221528.617:ERROR:process_memory_win.cc(73)] ReadMemory at 0x6246077000 of 6024 bytes failed: Only part of a ReadProcessMemory or WriteProcessMemory request was completed. (0x12B)
[0323/221528.617:ERROR:process_memory_win.cc(73)] ReadMemory at 0x6246079000 of 6024 bytes failed: Only part of a ReadProcessMemory or WriteProcessMemory request was completed. (0x12B)
[0323/221528.618:ERROR:process_memory_win.cc(73)] ReadMemory at 0x624607b000 of 6024 bytes failed: Only part of a ReadProcessMemory or WriteProcessMemory request was completed. (0x12B)
[0323/221528.618:ERROR:process_memory_win.cc(73)] ReadMemory at 0x624607d000 of 6024 bytes failed: Only part of a ReadProcessMemory or WriteProcessMemory request was completed. (0x12B)
[0323/221528.618:ERROR:process_memory_win.cc(73)] ReadMemory at 0x624607f000 of 6024 bytes failed: Only part of a ReadProcessMemory or WriteProcessMemory request was completed. (0x12B)
[0323/221528.618:ERROR:process_memory_win.cc(73)] ReadMemory at 0x6246083000 of 6024 bytes failed: Only part of a ReadProcessMemory or WriteProcessMemory request was completed. (0x12B)
[0323/221528.618:ERROR:process_memory_win.cc(73)] ReadMemory at 0x62460a1000 of 6024 bytes failed: Only part of a ReadProcessMemory or WriteProcessMemory request was completed. (0x12B)
[0323/221528.618:ERROR:process_memory_win.cc(73)] ReadMemory at 0x62460cb000 of 6024 bytes failed: Only part of a ReadProcessMemory or WriteProcessMemory request was completed. (0x12B)
[0323/221528.618:ERROR:process_memory_win.cc(73)] ReadMemory at 0x62460cd000 of 6024 bytes failed: Only part of a ReadProcessMemory or WriteProcessMemory request was completed. (0x12B)
[0323/221528.618:ERROR:process_memory_win.cc(73)] ReadMemory at 0x62460cf000 of 6024 bytes failed: Only part of a ReadProcessMemory or WriteProcessMemory request was completed. (0x12B)
[0323/221528.618:ERROR:process_memory_win.cc(73)] ReadMemory at 0x62460d1000 of 6024 bytes failed: Only part of a ReadProcessMemory or WriteProcessMemory request was completed. (0x12B)
[0323/221528.618:ERROR:process_memory_win.cc(73)] ReadMemory at 0x62460d3000 of 6024 bytes failed: Only part of a ReadProcessMemory or WriteProcessMemory request was completed. (0x12B)
[0323/221528.618:ERROR:process_memory_win.cc(73)] ReadMemory at 0x62460d5000 of 6024 bytes failed: Only part of a ReadProcessMemory or WriteProcessMemory request was completed. (0x12B)
[0323/221528.618:ERROR:process_memory_win.cc(73)] ReadMemory at 0x62460d9000 of 6024 bytes failed: Only part of a ReadProcessMemory or WriteProcessMemory request was completed. (0x12B)
[0323/221528.618:ERROR:process_memory_win.cc(73)] ReadMemory at 0x62460db000 of 6024 bytes failed: Only part of a ReadProcessMemory or WriteProcessMemory request was completed. (0x12B)
[0323/221528.618:ERROR:process_memory_win.cc(73)] ReadMemory at 0x62460dd000 of 6024 bytes failed: Only part of a ReadProcessMemory or WriteProcessMemory request was completed. (0x12B)
[0323/221528.619:ERROR:process_memory_win.cc(73)] ReadMemory at 0x62460df000 of 6024 bytes failed: Only part of a ReadProcessMemory or WriteProcessMemory request was completed. (0x12B)
[0323/221528.619:ERROR:process_memory_win.cc(73)] ReadMemory at 0x62460e1000 of 6024 bytes failed: Only part of a ReadProcessMemory or WriteProcessMemory request was completed. (0x12B)
[0323/221528.619:ERROR:process_memory_win.cc(73)] ReadMemory at 0x62460e3000 of 6024 bytes failed: Only part of a ReadProcessMemory or WriteProcessMemory request was completed. (0x12B)
[0323/221528.619:ERROR:process_memory_win.cc(73)] ReadMemory at 0x1816ce402c0 of 40 bytes failed: Only part of a ReadProcessMemory or WriteProcessMemory request was completed. (0x12B)
[0323/221528.619:ERROR:process_memory_win.cc(73)] ReadMemory at 0x1816ce502c0 of 40 bytes failed: Only part of a ReadProcessMemory or WriteProcessMemory request was completed. (0x12B)
[0323/221528.619:ERROR:process_memory_win.cc(73)] ReadMemory at 0x1816cf202c0 of 40 bytes failed: Only part of a ReadProcessMemory or WriteProcessMemory request was completed. (0x12B)
[0323/221528.619:ERROR:process_memory_win.cc(73)] ReadMemory at 0x1816cf20fe0 of 16168 bytes failed: Only part of a ReadProcessMemory or WriteProcessMemory request was completed. (0x12B)
[0323/221528.619:ERROR:process_memory_win.cc(73)] ReadMemory at 0x1816cf24f10 of 1012 bytes failed: Only part of a ReadProcessMemory or WriteProcessMemory request was completed. (0x12B)
[0323/221528.619:ERROR:process_memory_win.cc(73)] ReadMemory at 0x1816cf25558 of 120 bytes failed: Only part of a ReadProcessMemory or WriteProcessMemory request was completed. (0x12B)
[0323/221528.619:ERROR:process_memory_win.cc(73)] ReadMemory at 0x1816cf255d2 of 874 bytes failed: Only part of a ReadProcessMemory or WriteProcessMemory request was completed. (0x12B)
[0323/221528.619:ERROR:process_memory_win.cc(73)] ReadMemory at 0x1816cf2593e of 120 bytes failed: Only part of a ReadProcessMemory or WriteProcessMemory request was completed. (0x12B)
[0323/221528.620:ERROR:process_memory_win.cc(73)] ReadMemory at 0x1816cf259b8 of 100 bytes failed: Only part of a ReadProcessMemory or WriteProcessMemory request was completed. (0x12B)
[0323/221528.620:ERROR:process_memory_win.cc(73)] ReadMemory at 0x1816cf25a30 of 58 bytes failed: Only part of a ReadProcessMemory or WriteProcessMemory request was completed. (0x12B)
[0323/221528.620:ERROR:process_memory_win.cc(73)] ReadMemory at 0x1816cf25b30 of 132 bytes failed: Only part of a ReadProcessMemory or WriteProcessMemory request was completed. (0x12B)
[0323/221528.620:ERROR:process_memory_win.cc(73)] ReadMemory at 0x1816cf25cc0 of 132 bytes failed: Only part of a ReadProcessMemory or WriteProcessMemory request was completed. (0x12B)
[0323/221528.620:ERROR:process_memory_win.cc(73)] ReadMemory at 0x1816cf25dd0 of 512 bytes failed: Only part of a ReadProcessMemory or WriteProcessMemory request was completed. (0x12B)
[0323/221528.620:ERROR:process_memory_win.cc(73)] ReadMemory at 0x1816cf26260 of 132 bytes failed: Only part of a ReadProcessMemory or WriteProcessMemory request was completed. (0x12B)
[0323/221528.620:ERROR:process_memory_win.cc(73)] ReadMemory at 0x1816cf263f0 of 64 bytes failed: Only part of a ReadProcessMemory or WriteProcessMemory request was completed. (0x12B)
[0323/221528.620:ERROR:process_memory_win.cc(73)] ReadMemory at 0x1816cf26440 of 132 bytes failed: Only part of a ReadProcessMemory or WriteProcessMemory request was completed. (0x12B)
[0323/221528.620:ERROR:process_memory_win.cc(73)] ReadMemory at 0x1816cf265b0 of 132 bytes failed: Only part of a ReadProcessMemory or WriteProcessMemory request was completed. (0x12B)
[0323/221528.620:ERROR:process_memory_win.cc(73)] ReadMemory at 0x1816cf26850 of 132 bytes failed: Only part of a ReadProcessMemory or WriteProcessMemory request was completed. (0x12B)
[0323/221528.620:ERROR:process_memory_win.cc(73)] ReadMemory at 0x1816cf269e0 of 68 bytes failed: Only part of a ReadProcessMemory or WriteProcessMemory request was completed. (0x12B)
[0323/221528.620:ERROR:process_memory_win.cc(73)] ReadMemory at 0x1816cf27a80 of 132 bytes failed: Only part of a ReadProcessMemory or WriteProcessMemory request was completed. (0x12B)
[0323/221528.621:ERROR:process_memory_win.cc(73)] ReadMemory at 0x1816cf27c10 of 152 bytes failed: Only part of a ReadProcessMemory or WriteProcessMemory request was completed. (0x12B)
[0323/221528.621:ERROR:process_memory_win.cc(73)] ReadMemory at 0x1816cf28ab0 of 62 bytes failed: Only part of a ReadProcessMemory or WriteProcessMemory request was completed. (0x12B)
[0323/221528.621:ERROR:process_memory_win.cc(73)] ReadMemory at 0x1816cf28c10 of 132 bytes failed: Only part of a ReadProcessMemory or WriteProcessMemory request was completed. (0x12B)
[0323/221528.621:ERROR:process_memory_win.cc(73)] ReadMemory at 0x1816cf292a0 of 60 bytes failed: Only part of a ReadProcessMemory or WriteProcessMemory request was completed. (0x12B)
[0323/221528.621:ERROR:process_memory_win.cc(73)] ReadMemory at 0x1816cf292f0 of 48 bytes failed: Only part of a ReadProcessMemory or WriteProcessMemory request was completed. (0x12B)
[0323/221528.621:ERROR:process_memory_win.cc(73)] ReadMemory at 0x1816cf29880 of 132 bytes failed: Only part of a ReadProcessMemory or WriteProcessMemory request was completed. (0x12B)
[0323/221528.621:ERROR:process_memory_win.cc(73)] ReadMemory at 0x1816cf29be0 of 132 bytes failed: Only part of a ReadProcessMemory or WriteProcessMemory request was completed. (0x12B)
[0323/221528.621:ERROR:process_memory_win.cc(73)] ReadMemory at 0x1816cf29df0 of 132 bytes failed: Only part of a ReadProcessMemory or WriteProcessMemory request was completed. (0x12B)
[0323/221528.621:ERROR:process_memory_win.cc(73)] ReadMemory at 0x1816cf29ea0 of 512 bytes failed: Only part of a ReadProcessMemory or WriteProcessMemory request was completed. (0x12B)
[0323/221528.621:ERROR:process_memory_win.cc(73)] ReadMemory at 0x1816cf2c870 of 132 bytes failed: Only part of a ReadProcessMemory or WriteProcessMemory request was completed. (0x12B)
[0323/221528.621:ERROR:process_memory_win.cc(73)] ReadMemory at 0x1816cf2c9a0 of 132 bytes failed: Only part of a ReadProcessMemory or WriteProcessMemory request was completed. (0x12B)
[0323/221528.621:ERROR:process_memory_win.cc(73)] ReadMemory at 0x1816cf2cb30 of 80 bytes failed: Only part of a ReadProcessMemory or WriteProcessMemory request was completed. (0x12B)
[0323/221528.621:ERROR:process_memory_win.cc(73)] ReadMemory at 0x1816cf2ccd0 of 64 bytes failed: Only part of a ReadProcessMemory or WriteProcessMemory request was completed. (0x12B)
[0323/221528.621:ERROR:process_memory_win.cc(73)] ReadMemory at 0x1816cf2cd70 of 64 bytes failed: Only part of a ReadProcessMemory or WriteProcessMemory request was completed. (0x12B)
[0323/221528.621:ERROR:process_memory_win.cc(73)] ReadMemory at 0x1816cf2cdc0 of 60 bytes failed: Only part of a ReadProcessMemory or WriteProcessMemory request was completed. (0x12B)
[0323/221528.622:ERROR:process_memory_win.cc(73)] ReadMemory at 0x1816cf2ce60 of 64 bytes failed: Only part of a ReadProcessMemory or WriteProcessMemory request was completed. (0x12B)
[0323/221528.622:ERROR:process_memory_win.cc(73)] ReadMemory at 0x1816cf2cf50 of 62 bytes failed: Only part of a ReadProcessMemory or WriteProcessMemory request was completed. (0x12B)
[0323/221528.622:ERROR:process_memory_win.cc(73)] ReadMemory at 0x1816cf2cfa0 of 64 bytes failed: Only part of a ReadProcessMemory or WriteProcessMemory request was completed. (0x12B)
[0323/221528.622:ERROR:process_memory_win.cc(73)] ReadMemory at 0x1816cf2d130 of 62 bytes failed: Only part of a ReadProcessMemory or WriteProcessMemory request was completed. (0x12B)
[0323/221528.622:ERROR:process_memory_win.cc(73)] ReadMemory at 0x1816cf2d3b0 of 60 bytes failed: Only part of a ReadProcessMemory or WriteProcessMemory request was completed. (0x12B)
[0323/221528.622:ERROR:process_memory_win.cc(73)] ReadMemory at 0x1816cf2d400 of 66 bytes failed: Only part of a ReadProcessMemory or WriteProcessMemory request was completed. (0x12B)
[0323/221528.622:ERROR:process_memory_win.cc(73)] ReadMemory at 0x1816cf2d8e0 of 58 bytes failed: Only part of a ReadProcessMemory or WriteProcessMemory request was completed. (0x12B)
[0323/221528.622:ERROR:process_memory_win.cc(73)] ReadMemory at 0x1816cf2d930 of 64 bytes failed: Only part of a ReadProcessMemory or WriteProcessMemory request was completed. (0x12B)
[0323/221528.622:ERROR:process_memory_win.cc(73)] ReadMemory at 0x1816cf2dbb0 of 60 bytes failed: Only part of a ReadProcessMemory or WriteProcessMemory request was completed. (0x12B)
[0323/221528.622:ERROR:process_memory_win.cc(73)] ReadMemory at 0x1816cf2dc50 of 64 bytes failed: Only part of a ReadProcessMemory or WriteProcessMemory request was completed. (0x12B)
[0323/221528.622:ERROR:process_memory_win.cc(73)] ReadMemory at 0x1816cf2dca0 of 64 bytes failed: Only part of a ReadProcessMemory or WriteProcessMemory request was completed. (0x12B)
[0323/221528.622:ERROR:process_memory_win.cc(73)] ReadMemory at 0x1816cf2dcf0 of 66 bytes failed: Only part of a ReadProcessMemory or WriteProcessMemory request was completed. (0x12B)
[0323/221528.622:ERROR:process_memory_win.cc(73)] ReadMemory at 0x1816cf2dd90 of 64 bytes failed: Only part of a ReadProcessMemory or WriteProcessMemory request was completed. (0x12B)
[0323/221528.622:ERROR:process_memory_win.cc(73)] ReadMemory at 0x1816cf2df70 of 62 bytes failed: Only part of a ReadProcessMemory or WriteProcessMemory request was completed. (0x12B)
[0323/221528.622:ERROR:process_memory_win.cc(73)] ReadMemory at 0x1816cf2e0b0 of 62 bytes failed: Only part of a ReadProcessMemory or WriteProcessMemory request was completed. (0x12B)
[0323/221528.622:ERROR:process_memory_win.cc(73)] ReadMemory at 0x1816cf2e100 of 60 bytes failed: Only part of a ReadProcessMemory or WriteProcessMemory request was completed. (0x12B)
[0323/221528.622:ERROR:process_memory_win.cc(73)] ReadMemory at 0x1816cf2e1a0 of 62 bytes failed: Only part of a ReadProcessMemory or WriteProcessMemory request was completed. (0x12B)
[0323/221528.622:ERROR:process_memory_win.cc(73)] ReadMemory at 0x1816cf2e290 of 62 bytes failed: Only part of a ReadProcessMemory or WriteProcessMemory request was completed. (0x12B)
[0323/221528.622:ERROR:process_memory_win.cc(73)] ReadMemory at 0x1816cf2e5b0 of 60 bytes failed: Only part of a ReadProcessMemory or WriteProcessMemory request was completed. (0x12B)
[0323/221528.622:ERROR:process_memory_win.cc(73)] ReadMemory at 0x1816cf2e650 of 62 bytes failed: Only part of a ReadProcessMemory or WriteProcessMemory request was completed. (0x12B)
[0323/221528.622:ERROR:process_memory_win.cc(73)] ReadMemory at 0x1816cf2e6f0 of 62 bytes failed: Only part of a ReadProcessMemory or WriteProcessMemory request was completed. (0x12B)
[0323/221528.623:ERROR:process_memory_win.cc(73)] ReadMemory at 0x1816cf2e740 of 62 bytes failed: Only part of a ReadProcessMemory or WriteProcessMemory request was completed. (0x12B)
[0323/221528.623:ERROR:process_memory_win.cc(73)] ReadMemory at 0x1816cf2e790 of 62 bytes failed: Only part of a ReadProcessMemory or WriteProcessMemory request was completed. (0x12B)
[0323/221528.623:ERROR:process_memory_win.cc(73)] ReadMemory at 0x1816cf2e830 of 60 bytes failed: Only part of a ReadProcessMemory or WriteProcessMemory request was completed. (0x12B)
[0323/221528.623:ERROR:process_memory_win.cc(73)] ReadMemory at 0x1816cf31b40 of 132 bytes failed: Only part of a ReadProcessMemory or WriteProcessMemory request was completed. (0x12B)
[0323/221528.623:ERROR:process_memory_win.cc(73)] ReadMemory at 0x1816cf31c70 of 132 bytes failed: Only part of a ReadProcessMemory or WriteProcessMemory request was completed. (0x12B)
[0323/221528.623:ERROR:process_memory_win.cc(73)] ReadMemory at 0x1816cf31da0 of 132 bytes failed: Only part of a ReadProcessMemory or WriteProcessMemory request was completed. (0x12B)
[0323/221528.623:ERROR:process_memory_win.cc(73)] ReadMemory at 0x1816cf31ed0 of 132 bytes failed: Only part of a ReadProcessMemory or WriteProcessMemory request was completed. (0x12B)
[0323/221528.623:ERROR:process_memory_win.cc(73)] ReadMemory at 0x1816cf32000 of 132 bytes failed: Only part of a ReadProcessMemory or WriteProcessMemory request was completed. (0x12B)
[0323/221528.623:ERROR:process_memory_win.cc(73)] ReadMemory at 0x1816cf32130 of 132 bytes failed: Only part of a ReadProcessMemory or WriteProcessMemory request was completed. (0x12B)
[0323/221528.623:ERROR:process_memory_win.cc(73)] ReadMemory at 0x1816cf32260 of 132 bytes failed: Only part of a ReadProcessMemory or WriteProcessMemory request was completed. (0x12B)
[0323/221528.623:ERROR:process_memory_win.cc(73)] ReadMemory at 0x1816cf32390 of 132 bytes failed: Only part of a ReadProcessMemory or WriteProcessMemory request was completed. (0x12B)
[0323/221528.623:ERROR:process_memory_win.cc(73)] ReadMemory at 0x1816cf324c0 of 132 bytes failed: Only part of a ReadProcessMemory or WriteProcessMemory request was completed. (0x12B)
[0323/221528.623:ERROR:process_memory_win.cc(73)] ReadMemory at 0x1816cf325f0 of 132 bytes failed: Only part of a ReadProcessMemory or WriteProcessMemory request was completed. (0x12B)
[0323/221528.623:ERROR:process_memory_win.cc(73)] ReadMemory at 0x1816cf32850 of 132 bytes failed: Only part of a ReadProcessMemory or WriteProcessMemory request was completed. (0x12B)
[0323/221528.623:ERROR:process_memory_win.cc(73)] ReadMemory at 0x1816cf32980 of 132 bytes failed: Only part of a ReadProcessMemory or WriteProcessMemory request was completed. (0x12B)
[0323/221528.623:ERROR:process_memory_win.cc(73)] ReadMemory at 0x1816cf32b30 of 124 bytes failed: Only part of a ReadProcessMemory or WriteProcessMemory request was completed. (0x12B)
[0323/221528.623:ERROR:process_memory_win.cc(73)] ReadMemory at 0x1816cf336d0 of 132 bytes failed: Only part of a ReadProcessMemory or WriteProcessMemory request was completed. (0x12B)
[0323/221528.623:ERROR:process_memory_win.cc(73)] ReadMemory at 0x1816cf350a0 of 80 bytes failed: Only part of a ReadProcessMemory or WriteProcessMemory request was completed. (0x12B)
[0323/221528.623:ERROR:process_memory_win.cc(73)] ReadMemory at 0x1816cf35b80 of 76 bytes failed: Only part of a ReadProcessMemory or WriteProcessMemory request was completed. (0x12B)
[0323/221528.624:ERROR:process_memory_win.cc(73)] ReadMemory at 0x1816cf36cc0 of 132 bytes failed: Only part of a ReadProcessMemory or WriteProcessMemory request was completed. (0x12B)
[0323/221528.624:ERROR:process_memory_win.cc(73)] ReadMemory at 0x1816cf37010 of 132 bytes failed: Only part of a ReadProcessMemory or WriteProcessMemory request was completed. (0x12B)
[0323/221528.624:ERROR:process_memory_win.cc(73)] ReadMemory at 0x1816cf37140 of 132 bytes failed: Only part of a ReadProcessMemory or WriteProcessMemory request was completed. (0x12B)
[0323/221528.624:ERROR:process_memory_win.cc(73)] ReadMemory at 0x1816cf38e90 of 54 bytes failed: Only part of a ReadProcessMemory or WriteProcessMemory request was completed. (0x12B)
[0323/221528.624:ERROR:process_memory_win.cc(73)] ReadMemory at 0x1816cf39b50 of 48 bytes failed: Only part of a ReadProcessMemory or WriteProcessMemory request was completed. (0x12B)
[0323/221528.624:ERROR:process_memory_win.cc(73)] ReadMemory at 0x1816cf39f10 of 144 bytes failed: Only part of a ReadProcessMemory or WriteProcessMemory request was completed. (0x12B)
[0323/221528.624:ERROR:process_memory_win.cc(73)] ReadMemory at 0x1816cf3a130 of 132 bytes failed: Only part of a ReadProcessMemory or WriteProcessMemory request was completed. (0x12B)
[0323/221528.624:ERROR:process_memory_win.cc(73)] ReadMemory at 0x1816cf3a260 of 132 bytes failed: Only part of a ReadProcessMemory or WriteProcessMemory request was completed. (0x12B)
[0323/221528.624:ERROR:process_memory_win.cc(73)] ReadMemory at 0x1816cf3a720 of 132 bytes failed: Only part of a ReadProcessMemory or WriteProcessMemory request was completed. (0x12B)
[0323/221528.624:ERROR:process_memory_win.cc(73)] ReadMemory at 0x1816cf3a850 of 132 bytes failed: Only part of a ReadProcessMemory or WriteProcessMemory request was completed. (0x12B)
[0323/221528.624:ERROR:process_memory_win.cc(73)] ReadMemory at 0x1816cf3ad10 of 132 bytes failed: Only part of a ReadProcessMemory or WriteProcessMemory request was completed. (0x12B)
[0323/221528.624:ERROR:process_memory_win.cc(73)] ReadMemory at 0x1816cf3ae40 of 132 bytes failed: Only part of a ReadProcessMemory or WriteProcessMemory request was completed. (0x12B)
[0323/221528.624:ERROR:process_memory_win.cc(73)] ReadMemory at 0x1816cf3af70 of 132 bytes failed: Only part of a ReadProcessMemory or WriteProcessMemory request was completed. (0x12B)
[0323/221528.624:ERROR:process_memory_win.cc(73)] ReadMemory at 0x1816cf3b0a0 of 132 bytes failed: Only part of a ReadProcessMemory or WriteProcessMemory request was completed. (0x12B)
[0323/221528.624:ERROR:process_memory_win.cc(73)] ReadMemory at 0x1816cf3b300 of 132 bytes failed: Only part of a ReadProcessMemory or WriteProcessMemory request was completed. (0x12B)
[0323/221528.624:ERROR:process_memory_win.cc(73)] ReadMemory at 0x1816cf3b690 of 132 bytes failed: Only part of a ReadProcessMemory or WriteProcessMemory request was completed. (0x12B)
[0323/221528.624:ERROR:process_memory_win.cc(73)] ReadMemory at 0x1816cf4b3c0 of 40 bytes failed: Only part of a ReadProcessMemory or WriteProcessMemory request was completed. (0x12B)
[0323/221528.624:ERROR:process_memory_win.cc(73)] ReadMemory at 0x1816cf504f0 of 48 bytes failed: Only part of a ReadProcessMemory or WriteProcessMemory request was completed. (0x12B)
[0323/221528.624:ERROR:process_memory_win.cc(73)] ReadMemory at 0x1816cf50b30 of 48 bytes failed: Only part of a ReadProcessMemory or WriteProcessMemory request was completed. (0x12B)
[0323/221528.624:ERROR:process_memory_win.cc(73)] ReadMemory at 0x1816cf51900 of 512 bytes failed: Only part of a ReadProcessMemory or WriteProcessMemory request was completed. (0x12B)
[0323/221528.624:ERROR:process_memory_win.cc(73)] ReadMemory at 0x1816cf5f150 of 40 bytes failed: Only part of a ReadProcessMemory or WriteProcessMemory request was completed. (0x12B)
[0323/221528.624:ERROR:process_memory_win.cc(73)] ReadMemory at 0x1816d1e02c0 of 40 bytes failed: Only part of a ReadProcessMemory or WriteProcessMemory request was completed. (0x12B)
[0323/221528.624:ERROR:process_memory_win.cc(73)] ReadMemory at 0x1816d2802c0 of 40 bytes failed: Only part of a ReadProcessMemory or WriteProcessMemory request was completed. (0x12B)
[0323/221528.625:ERROR:process_memory_win.cc(73)] ReadMemory at 0x1816d3202c0 of 40 bytes failed: Only part of a ReadProcessMemory or WriteProcessMemory request was completed. (0x12B)
[0323/221528.625:ERROR:process_memory_win.cc(73)] ReadMemory at 0x1816d3f02c0 of 40 bytes failed: Only part of a ReadProcessMemory or WriteProcessMemory request was completed. (0x12B)
[0323/221528.625:ERROR:process_memory_win.cc(73)] ReadMemory at 0x1816d500c40 of 512 bytes failed: Only part of a ReadProcessMemory or WriteProcessMemory request was completed. (0x12B)
[0323/221528.625:ERROR:process_memory_win.cc(73)] ReadMemory at 0x1816d501540 of 512 bytes failed: Only part of a ReadProcessMemory or WriteProcessMemory request was completed. (0x12B)
[0323/221528.625:ERROR:process_memory_win.cc(73)] ReadMemory at 0x1816d5b94a0 of 512 bytes failed: Only part of a ReadProcessMemory or WriteProcessMemory request was completed. (0x12B)
[0323/221528.625:ERROR:process_memory_win.cc(73)] ReadMemory at 0x1816d5ca8e0 of 712 bytes failed: Only part of a ReadProcessMemory or WriteProcessMemory request was completed. (0x12B)
[0323/221528.625:ERROR:process_memory_win.cc(73)] ReadMemory at 0x1816d5d9088 of 512 bytes failed: Only part of a ReadProcessMemory or WriteProcessMemory request was completed. (0x12B)
[0323/221528.625:ERROR:process_memory_win.cc(73)] ReadMemory at 0x1816d5d9508 of 512 bytes failed: Only part of a ReadProcessMemory or WriteProcessMemory request was completed. (0x12B)
[0323/221528.625:ERROR:process_memory_win.cc(73)] ReadMemory at 0x1816d5d9988 of 512 bytes failed: Only part of a ReadProcessMemory or WriteProcessMemory request was completed. (0x12B)
[0323/221528.625:ERROR:process_memory_win.cc(73)] ReadMemory at 0x1816d5da0d8 of 512 bytes failed: Only part of a ReadProcessMemory or WriteProcessMemory request was completed. (0x12B)
[0323/221528.625:ERROR:process_memory_win.cc(73)] ReadMemory at 0x1816d5da558 of 512 bytes failed: Only part of a ReadProcessMemory or WriteProcessMemory request was completed. (0x12B)
[0323/221528.625:ERROR:process_memory_win.cc(73)] ReadMemory at 0x1816d6410d0 of 512 bytes failed: Only part of a ReadProcessMemory or WriteProcessMemory request was completed. (0x12B)
[0323/221528.625:ERROR:process_memory_win.cc(73)] ReadMemory at 0x1816d666610 of 512 bytes failed: Only part of a ReadProcessMemory or WriteProcessMemory request was completed. (0x12B)
[0323/221528.625:ERROR:process_memory_win.cc(73)] ReadMemory at 0x1816d6702c0 of 40 bytes failed: Only part of a ReadProcessMemory or WriteProcessMemory request was completed. (0x12B)
[0323/221528.625:ERROR:process_memory_win.cc(73)] ReadMemory at 0x1816f848610 of 512 bytes failed: Only part of a ReadProcessMemory or WriteProcessMemory request was completed. (0x12B)
[0323/221528.625:ERROR:process_memory_win.cc(73)] ReadMemory at 0x1816f865dd8 of 512 bytes failed: Only part of a ReadProcessMemory or WriteProcessMemory request was completed. (0x12B)
[0323/221528.625:ERROR:process_memory_win.cc(73)] ReadMemory at 0x1816f876690 of 512 bytes failed: Only part of a ReadProcessMemory or WriteProcessMemory request was completed. (0x12B)
[0323/221528.625:ERROR:process_memory_win.cc(73)] ReadMemory at 0x1816f8a00d0 of 512 bytes failed: Only part of a ReadProcessMemory or WriteProcessMemory request was completed. (0x12B)
[0323/221528.625:ERROR:process_memory_win.cc(73)] ReadMemory at 0x1816f9a4ba0 of 512 bytes failed: Only part of a ReadProcessMemory or WriteProcessMemory request was completed. (0x12B)
[0323/221528.626:ERROR:process_memory_win.cc(73)] ReadMemory at 0x1816f9a5e60 of 1184 bytes failed: Only part of a ReadProcessMemory or WriteProcessMemory request was completed. (0x12B)
[0323/221528.626:ERROR:process_memory_win.cc(73)] ReadMemory at 0x1816f9d7090 of 512 bytes failed: Only part of a ReadProcessMemory or WriteProcessMemory request was completed. (0x12B)
[0323/221528.626:ERROR:process_memory_win.cc(73)] ReadMemory at 0x1816ff4dac0 of 512 bytes failed: Only part of a ReadProcessMemory or WriteProcessMemory request was completed. (0x12B)
[0323/221528.626:ERROR:process_memory_win.cc(73)] ReadMemory at 0x181708e0af0 of 512 bytes failed: Only part of a ReadProcessMemory or WriteProcessMemory request was completed. (0x12B)
[0323/221528.626:ERROR:process_memory_win.cc(73)] ReadMemory at 0x1817248e900 of 512 bytes failed: Only part of a ReadProcessMemory or WriteProcessMemory request was completed. (0x12B)
[0323/221528.626:ERROR:process_memory_win.cc(73)] ReadMemory at 0x181725bfa20 of 512 bytes failed: Only part of a ReadProcessMemory or WriteProcessMemory request was completed. (0x12B)
[0323/221528.626:ERROR:process_memory_win.cc(73)] ReadMemory at 0x181725d0a30 of 512 bytes failed: Only part of a ReadProcessMemory or WriteProcessMemory request was completed. (0x12B)
[0323/221528.626:ERROR:process_memory_win.cc(73)] ReadMemory at 0x181725efe50 of 704 bytes failed: Only part of a ReadProcessMemory or WriteProcessMemory request was completed. (0x12B)
[0323/221528.626:ERROR:process_memory_win.cc(73)] ReadMemory at 0x181725f0150 of 512 bytes failed: Only part of a ReadProcessMemory or WriteProcessMemory request was completed. (0x12B)
[0323/221528.626:ERROR:process_memory_win.cc(73)] ReadMemory at 0x2e2f00009f88 of 512 bytes failed: Only part of a ReadProcessMemory or WriteProcessMemory request was completed. (0x12B)
[0323/221528.626:ERROR:process_memory_win.cc(73)] ReadMemory at 0x2e2f08aaa2b0 of 512 bytes failed: Only part of a ReadProcessMemory or WriteProcessMemory request was completed. (0x12B)
[0323/221528.626:ERROR:process_memory_win.cc(73)] ReadMemory at 0x2e2f08aadd75 of 512 bytes failed: Only part of a ReadProcessMemory or WriteProcessMemory request was completed. (0x12B)
[0323/221528.626:ERROR:process_memory_win.cc(73)] ReadMemory at 0x2e2f09b6d05c of 512 bytes failed: Only part of a ReadProcessMemory or WriteProcessMemory request was completed. (0x12B)
[0323/221528.626:ERROR:process_memory_win.cc(73)] ReadMemory at 0x2e2f0a22743c of 517 bytes failed: Only part of a ReadProcessMemory or WriteProcessMemory request was completed. (0x12B)
[0323/221528.626:ERROR:process_memory_win.cc(73)] ReadMemory at 0x2e2f0b33ae51 of 512 bytes failed: Only part of a ReadProcessMemory or WriteProcessMemory request was completed. (0x12B)
[0323/221528.626:ERROR:process_memory_win.cc(73)] ReadMemory at 0x2e2f5b26ef75 of 512 bytes failed: Only part of a ReadProcessMemory or WriteProcessMemory request was completed. (0x12B)
[0323/221528.626:ERROR:process_memory_win.cc(73)] ReadMemory at 0x2e2f5b2b0f81 of 512 bytes failed: Only part of a ReadProcessMemory or WriteProcessMemory request was completed. (0x12B)
[0323/221528.626:ERROR:process_memory_win.cc(73)] ReadMemory at 0x2e2f5b2dbf69 of 512 bytes failed: Only part of a ReadProcessMemory or WriteProcessMemory request was completed. (0x12B)
[0323/221528.626:ERROR:process_memory_win.cc(73)] ReadMemory at 0x2e2f5b329f79 of 512 bytes failed: Only part of a ReadProcessMemory or WriteProcessMemory request was completed. (0x12B)
[0323/221528.627:ERROR:process_memory_win.cc(73)] ReadMemory at 0x2e2f5b356f79 of 512 bytes failed: Only part of a ReadProcessMemory or WriteProcessMemory request was completed. (0x12B)
[0323/221528.627:ERROR:process_memory_win.cc(73)] ReadMemory at 0x2e2f5b391f79 of 512 bytes failed: Only part of a ReadProcessMemory or WriteProcessMemory request was completed. (0x12B)
[0323/221528.627:ERROR:process_memory_win.cc(73)] ReadMemory at 0x2e2f5b402f79 of 512 bytes failed: Only part of a ReadProcessMemory or WriteProcessMemory request was completed. (0x12B)
[0323/221528.636:ERROR:scoped_process_suspend.cc(40)] NtResumeProcess: An attempt was made to access an exiting process. (0xc000010a)
